<?xml version="1.0" encoding="UTF-8"?>
<testng-results ignored="1" total="2" passed="1" failed="0" skipped="0">
  <reporter-output>
  </reporter-output>
  <suite started-at="2023-01-09T12:58:26Z" name="Default suite" finished-at="2023-01-09T12:58:52Z" duration-ms="25827">
    <groups>
    </groups>
    <test started-at="2023-01-09T12:58:26Z" name="Default test" finished-at="2023-01-09T12:58:52Z" duration-ms="25827">
      <class name="com.app.tests.AppTests">
        <test-method is-config="true" signature="setup()[pri:0, instance:com.app.tests.AppTests@457c9034]" started-at="2023-01-09T18:28:26Z" name="setup" finished-at="2023-01-09T18:28:34Z" duration-ms="8024" status="PASS">
          <reporter-output>
          </reporter-output>
        </test-method> <!-- setup -->
        <test-method signature="scenario4()[pri:0, instance:com.app.tests.AppTests@457c9034]" started-at="2023-01-09T18:28:34Z" name="scenario4" finished-at="2023-01-09T18:28:51Z" duration-ms="17477" status="PASS">
          <reporter-output>
          </reporter-output>
        </test-method> <!-- scenario4 -->
        <test-method is-config="true" signature="tearDown()[pri:0, instance:com.app.tests.AppTests@457c9034]" started-at="2023-01-09T18:28:51Z" name="tearDown" finished-at="2023-01-09T18:28:52Z" duration-ms="308" status="PASS">
          <reporter-output>
          </reporter-output>
        </test-method> <!-- tearDown -->
      </class> <!-- com.app.tests.AppTests -->
    </test> <!-- Default test -->
  </suite> <!-- Default suite -->
</testng-results>
